<?xml version="1.0" encoding="UTF-8"?>
<!-- Generated by org.testng.reporters.JUnitXMLReporter -->
<testsuite hostname="STALAPAL-IN" ignored="1" name="ChromeTest(failed)" tests="1" failures="1" timestamp="20 Apr 2018 00:03:35 GMT" time="0.101" errors="0">
  <testcase name="printName" time="0.061" classname="com.TestNG.ParameterizedTest">
    <failure type="java.lang.IllegalStateException" message="The driver executable does not exist: C:\Users\stalapal\Documents\WorkSpace\Training">
      <![CDATA[java.lang.IllegalStateException: The driver executable does not exist: C:\Users\stalapal\Documents\WorkSpace\Training
	at com.google.common.base.Preconditions.checkState(Preconditions.java:534)
	at org.openqa.selenium.remote.service.DriverService.checkExecutable(DriverService.java:136)
	at org.openqa.selenium.remote.service.DriverService.findExecutable(DriverService.java:131)
	at org.openqa.selenium.chrome.ChromeDriverService.access$000(ChromeDriverService.java:32)
	at org.openqa.selenium.chrome.ChromeDriverService$Builder.findDefaultExecutable(ChromeDriverService.java:137)
	at org.openqa.selenium.remote.service.DriverService$Builder.build(DriverService.java:329)
	at org.openqa.selenium.chrome.ChromeDriverService.createDefaultService(ChromeDriverService.java:88)
	at org.openqa.selenium.chrome.ChromeDriver.<init>(ChromeDriver.java:124)
	at com.TestNG.ParameterizedTest.printName(ParameterizedTest.java:18)
... Removed 25 stack frames]]>
    </failure>
  </testcase> <!-- printName -->
  <testcase name="checkEvenOrOdd" time="0.0" classname="com.TestNG.ParameterizedTest">
    <ignored/>
  </testcase> <!-- checkEvenOrOdd -->
</testsuite> <!-- ChromeTest(failed) -->
